<?xml version="1.0" encoding="UTF-8"?>
<!-- Generated by org.testng.reporters.JUnitReportReporter -->
<testsuite hostname="DESKTOP-0T2OPP2" name="com.testng.javasample.Sample" tests="1" failures="0" timestamp="8 Dec 2019 09:29:47 GMT" time="30.968" errors="0">
  <testcase name="test" time="30.968" classname="com.testng.javasample.Sample"/>
</testsuite> <!-- com.testng.javasample.Sample -->
